Algorithm is NB
dataset is IOT
change mapreduce.tasktracker.map.tasks.maximum to 2
[NB] [IOT] [mapreduce.tasktracker.map.tasks.maximum:2] Date is 04-10
[NB] [IOT] [mapreduce.tasktracker.map.tasks.maximum:2] job start time is 
[NB] [IOT] [mapreduce.tasktracker.map.tasks.maximum:2] got new compressor is 00:09:15
[NB] [IOT] [mapreduce.tasktracker.map.tasks.maximum:2] got new decompressor is 00:38:17
[NB] [IOT] [mapreduce.tasktracker.map.tasks.maximum:2] training start time is 00:38:17
[NB] [IOT] [mapreduce.tasktracker.map.tasks.maximum:2] training end time is 00:42:59
[NB] [IOT] [mapreduce.tasktracker.map.tasks.maximum:2] test start time is 00:42:59
[NB] [IOT] [mapreduce.tasktracker.map.tasks.maximum:2] test end time is 00:56:21
[NB] [IOT] [mapreduce.tasktracker.map.tasks.maximum:2] job end time is 00:56:21
[NB] [IOT] [mapreduce.tasktracker.map.tasks.maximum:2] training time is 281951
[NB] [IOT] [mapreduce.tasktracker.map.tasks.maximum:2] testing time is 802045
Algorithm is NB
dataset is IOT
change mapreduce.tasktracker.map.tasks.maximum to 4
[NB] [IOT] [mapreduce.tasktracker.map.tasks.maximum:4] Date is 04-10
[NB] [IOT] [mapreduce.tasktracker.map.tasks.maximum:4] job start time is 
[NB] [IOT] [mapreduce.tasktracker.map.tasks.maximum:4] got new compressor is 00:56:24
[NB] [IOT] [mapreduce.tasktracker.map.tasks.maximum:4] got new decompressor is 01:25:46
[NB] [IOT] [mapreduce.tasktracker.map.tasks.maximum:4] training start time is 01:25:46
[NB] [IOT] [mapreduce.tasktracker.map.tasks.maximum:4] training end time is 01:30:27
[NB] [IOT] [mapreduce.tasktracker.map.tasks.maximum:4] test start time is 01:30:27
[NB] [IOT] [mapreduce.tasktracker.map.tasks.maximum:4] test end time is 01:43:52
[NB] [IOT] [mapreduce.tasktracker.map.tasks.maximum:4] job end time is 01:43:52
[NB] [IOT] [mapreduce.tasktracker.map.tasks.maximum:4] training time is 281194
[NB] [IOT] [mapreduce.tasktracker.map.tasks.maximum:4] testing time is 804254
Algorithm is NB
dataset is IOT
change mapreduce.tasktracker.reduce.tasks.maximum to 1
[NB] [IOT] [mapreduce.tasktracker.reduce.tasks.maximum:1] Date is 04-10
[NB] [IOT] [mapreduce.tasktracker.reduce.tasks.maximum:1] job start time is 
[NB] [IOT] [mapreduce.tasktracker.reduce.tasks.maximum:1] got new compressor is 01:43:55
[NB] [IOT] [mapreduce.tasktracker.reduce.tasks.maximum:1] got new decompressor is 02:13:33
[NB] [IOT] [mapreduce.tasktracker.reduce.tasks.maximum:1] training start time is 02:13:33
[NB] [IOT] [mapreduce.tasktracker.reduce.tasks.maximum:1] training end time is 02:18:22
[NB] [IOT] [mapreduce.tasktracker.reduce.tasks.maximum:1] test start time is 02:18:22
[NB] [IOT] [mapreduce.tasktracker.reduce.tasks.maximum:1] test end time is 02:32:18
[NB] [IOT] [mapreduce.tasktracker.reduce.tasks.maximum:1] job end time is 02:32:18
[NB] [IOT] [mapreduce.tasktracker.reduce.tasks.maximum:1] training time is 288740
[NB] [IOT] [mapreduce.tasktracker.reduce.tasks.maximum:1] testing time is 835942
Algorithm is NB
dataset is IOT
change mapreduce.tasktracker.reduce.tasks.maximum to 2
[NB] [IOT] [mapreduce.tasktracker.reduce.tasks.maximum:2] Date is 04-10
[NB] [IOT] [mapreduce.tasktracker.reduce.tasks.maximum:2] job start time is 
[NB] [IOT] [mapreduce.tasktracker.reduce.tasks.maximum:2] got new compressor is 02:32:21
[NB] [IOT] [mapreduce.tasktracker.reduce.tasks.maximum:2] got new decompressor is 03:01:53
[NB] [IOT] [mapreduce.tasktracker.reduce.tasks.maximum:2] training start time is 03:01:52
[NB] [IOT] [mapreduce.tasktracker.reduce.tasks.maximum:2] training end time is 03:06:36
[NB] [IOT] [mapreduce.tasktracker.reduce.tasks.maximum:2] test start time is 03:06:36
[NB] [IOT] [mapreduce.tasktracker.reduce.tasks.maximum:2] test end time is 03:20:08
[NB] [IOT] [mapreduce.tasktracker.reduce.tasks.maximum:2] job end time is 03:20:08
[NB] [IOT] [mapreduce.tasktracker.reduce.tasks.maximum:2] training time is 283532
[NB] [IOT] [mapreduce.tasktracker.reduce.tasks.maximum:2] testing time is 811810
Algorithm is NB
dataset is IOT
change mapreduce.tasktracker.reduce.tasks.maximum to 4
[NB] [IOT] [mapreduce.tasktracker.reduce.tasks.maximum:4] Date is 04-10
[NB] [IOT] [mapreduce.tasktracker.reduce.tasks.maximum:4] job start time is 
[NB] [IOT] [mapreduce.tasktracker.reduce.tasks.maximum:4] got new compressor is 03:20:12
[NB] [IOT] [mapreduce.tasktracker.reduce.tasks.maximum:4] got new decompressor is 03:49:58
[NB] [IOT] [mapreduce.tasktracker.reduce.tasks.maximum:4] training start time is 03:49:58
[NB] [IOT] [mapreduce.tasktracker.reduce.tasks.maximum:4] training end time is 03:54:41
[NB] [IOT] [mapreduce.tasktracker.reduce.tasks.maximum:4] test start time is 03:54:41
[NB] [IOT] [mapreduce.tasktracker.reduce.tasks.maximum:4] test end time is 04:08:17
[NB] [IOT] [mapreduce.tasktracker.reduce.tasks.maximum:4] job end time is 04:08:17
[NB] [IOT] [mapreduce.tasktracker.reduce.tasks.maximum:4] training time is 283512
[NB] [IOT] [mapreduce.tasktracker.reduce.tasks.maximum:4] testing time is 816382
Algorithm is NB
dataset is IOT
change mapreduce.map.speculative to false
[NB] [IOT] [mapreduce.map.speculative:false] Date is 04-10
[NB] [IOT] [mapreduce.map.speculative:false] job start time is 
[NB] [IOT] [mapreduce.map.speculative:false] got new compressor is 04:08:21
[NB] [IOT] [mapreduce.map.speculative:false] got new decompressor is 04:37:51
[NB] [IOT] [mapreduce.map.speculative:false] training start time is 04:37:51
[NB] [IOT] [mapreduce.map.speculative:false] training end time is 04:42:44
[NB] [IOT] [mapreduce.map.speculative:false] test start time is 04:42:44
[NB] [IOT] [mapreduce.map.speculative:false] test end time is 04:56:04
[NB] [IOT] [mapreduce.map.speculative:false] job end time is 04:56:04
[NB] [IOT] [mapreduce.map.speculative:false] training time is 292828
[NB] [IOT] [mapreduce.map.speculative:false] testing time is 800198
Algorithm is NB
dataset is IOT
change mapreduce.reduce.speculative to false
[NB] [IOT] [mapreduce.reduce.speculative:false] Date is 04-10
[NB] [IOT] [mapreduce.reduce.speculative:false] job start time is 
[NB] [IOT] [mapreduce.reduce.speculative:false] got new compressor is 04:56:08
[NB] [IOT] [mapreduce.reduce.speculative:false] got new decompressor is 05:25:39
[NB] [IOT] [mapreduce.reduce.speculative:false] training start time is 05:25:38
[NB] [IOT] [mapreduce.reduce.speculative:false] training end time is 05:30:32
[NB] [IOT] [mapreduce.reduce.speculative:false] test start time is 05:30:32
[NB] [IOT] [mapreduce.reduce.speculative:false] test end time is 05:43:55
[NB] [IOT] [mapreduce.reduce.speculative:false] job end time is 05:43:55
[NB] [IOT] [mapreduce.reduce.speculative:false] training time is 293661
[NB] [IOT] [mapreduce.reduce.speculative:false] testing time is 803216
Algorithm is NB
dataset is IOT
change mapreduce.task.io.sort.mb to 1150
[NB] [IOT] [mapreduce.task.io.sort.mb:1150] Date is 04-10
[NB] [IOT] [mapreduce.task.io.sort.mb:1150] job start time is 
[NB] [IOT] [mapreduce.task.io.sort.mb:1150] got new compressor is 05:43:59
[NB] [IOT] [mapreduce.task.io.sort.mb:1150] got new decompressor is 06:13:45
[NB] [IOT] [mapreduce.task.io.sort.mb:1150] training start time is 06:13:45
[NB] [IOT] [mapreduce.task.io.sort.mb:1150] training end time is 
[NB] [IOT] [mapreduce.task.io.sort.mb:1150] test start time is 
[NB] [IOT] [mapreduce.task.io.sort.mb:1150] test end time is 
[NB] [IOT] [mapreduce.task.io.sort.mb:1150] job end time is 
[NB] [IOT] [mapreduce.task.io.sort.mb:1150] training time is 
[NB] [IOT] [mapreduce.task.io.sort.mb:1150] testing time is 
Algorithm is NB
dataset is IOT
change mapreduce.task.io.sort.factor to 100
[NB] [IOT] [mapreduce.task.io.sort.factor:100] Date is 04-10
[NB] [IOT] [mapreduce.task.io.sort.factor:100] job start time is 
[NB] [IOT] [mapreduce.task.io.sort.factor:100] got new compressor is 06:17:35
[NB] [IOT] [mapreduce.task.io.sort.factor:100] got new decompressor is 06:46:37
[NB] [IOT] [mapreduce.task.io.sort.factor:100] training start time is 06:46:37
[NB] [IOT] [mapreduce.task.io.sort.factor:100] training end time is 06:51:21
[NB] [IOT] [mapreduce.task.io.sort.factor:100] test start time is 06:51:21
[NB] [IOT] [mapreduce.task.io.sort.factor:100] test end time is 07:04:31
[NB] [IOT] [mapreduce.task.io.sort.factor:100] job end time is 07:04:31
[NB] [IOT] [mapreduce.task.io.sort.factor:100] training time is 283570
[NB] [IOT] [mapreduce.task.io.sort.factor:100] testing time is 790751
Algorithm is NB
dataset is IOT
change mapreduce.map.sort.spill.percent to 0.3
[NB] [IOT] [mapreduce.map.sort.spill.percent:0.3] Date is 04-10
[NB] [IOT] [mapreduce.map.sort.spill.percent:0.3] job start time is 
[NB] [IOT] [mapreduce.map.sort.spill.percent:0.3] got new compressor is 07:04:35
[NB] [IOT] [mapreduce.map.sort.spill.percent:0.3] got new decompressor is 07:33:31
[NB] [IOT] [mapreduce.map.sort.spill.percent:0.3] training start time is 07:33:31
[NB] [IOT] [mapreduce.map.sort.spill.percent:0.3] training end time is 07:38:16
[NB] [IOT] [mapreduce.map.sort.spill.percent:0.3] test start time is 07:38:16
[NB] [IOT] [mapreduce.map.sort.spill.percent:0.3] test end time is 07:51:51
[NB] [IOT] [mapreduce.map.sort.spill.percent:0.3] job end time is 07:51:51
[NB] [IOT] [mapreduce.map.sort.spill.percent:0.3] training time is 285098
[NB] [IOT] [mapreduce.map.sort.spill.percent:0.3] testing time is 814815
Algorithm is NB
dataset is IOT
change mapreduce.map.sort.spill.percent to 0.5
[NB] [IOT] [mapreduce.map.sort.spill.percent:0.5] Date is 04-10
[NB] [IOT] [mapreduce.map.sort.spill.percent:0.5] job start time is 
[NB] [IOT] [mapreduce.map.sort.spill.percent:0.5] got new compressor is 07:51:54
[NB] [IOT] [mapreduce.map.sort.spill.percent:0.5] got new decompressor is 08:21:18
[NB] [IOT] [mapreduce.map.sort.spill.percent:0.5] training start time is 08:21:18
[NB] [IOT] [mapreduce.map.sort.spill.percent:0.5] training end time is 08:25:59
[NB] [IOT] [mapreduce.map.sort.spill.percent:0.5] test start time is 08:25:59
[NB] [IOT] [mapreduce.map.sort.spill.percent:0.5] test end time is 08:39:34
[NB] [IOT] [mapreduce.map.sort.spill.percent:0.5] job end time is 08:39:34
[NB] [IOT] [mapreduce.map.sort.spill.percent:0.5] training time is 280997
[NB] [IOT] [mapreduce.map.sort.spill.percent:0.5] testing time is 815230
Algorithm is NB
dataset is IOT
change mapreduce.map.sort.spill.percent to 0.9
[NB] [IOT] [mapreduce.map.sort.spill.percent:0.9] Date is 04-10
[NB] [IOT] [mapreduce.map.sort.spill.percent:0.9] job start time is 
[NB] [IOT] [mapreduce.map.sort.spill.percent:0.9] got new compressor is 08:39:38
[NB] [IOT] [mapreduce.map.sort.spill.percent:0.9] got new decompressor is 09:09:10
[NB] [IOT] [mapreduce.map.sort.spill.percent:0.9] training start time is 09:09:10
[NB] [IOT] [mapreduce.map.sort.spill.percent:0.9] training end time is 09:13:50
[NB] [IOT] [mapreduce.map.sort.spill.percent:0.9] test start time is 09:13:50
[NB] [IOT] [mapreduce.map.sort.spill.percent:0.9] test end time is 09:27:14
[NB] [IOT] [mapreduce.map.sort.spill.percent:0.9] job end time is 09:27:14
[NB] [IOT] [mapreduce.map.sort.spill.percent:0.9] training time is 280234
[NB] [IOT] [mapreduce.map.sort.spill.percent:0.9] testing time is 803766
Algorithm is NB
dataset is IOT
change mapreduce.reduce.shuffle.input.buffer.percent to 0.8
[NB] [IOT] [mapreduce.reduce.shuffle.input.buffer.percent:0.8] Date is 04-10
[NB] [IOT] [mapreduce.reduce.shuffle.input.buffer.percent:0.8] job start time is 
[NB] [IOT] [mapreduce.reduce.shuffle.input.buffer.percent:0.8] got new compressor is 09:27:17
[NB] [IOT] [mapreduce.reduce.shuffle.input.buffer.percent:0.8] got new decompressor is 09:56:42
[NB] [IOT] [mapreduce.reduce.shuffle.input.buffer.percent:0.8] training start time is 09:56:42
[NB] [IOT] [mapreduce.reduce.shuffle.input.buffer.percent:0.8] training end time is 10:01:36
[NB] [IOT] [mapreduce.reduce.shuffle.input.buffer.percent:0.8] test start time is 10:01:36
[NB] [IOT] [mapreduce.reduce.shuffle.input.buffer.percent:0.8] test end time is 10:14:54
[NB] [IOT] [mapreduce.reduce.shuffle.input.buffer.percent:0.8] job end time is 10:14:54
[NB] [IOT] [mapreduce.reduce.shuffle.input.buffer.percent:0.8] training time is 293463
[NB] [IOT] [mapreduce.reduce.shuffle.input.buffer.percent:0.8] testing time is 798567
Algorithm is NB
dataset is IOT
change mapreduce.reduce.shuffle.input.buffer.percent to 0.9
[NB] [IOT] [mapreduce.reduce.shuffle.input.buffer.percent:0.9] Date is 04-10
[NB] [IOT] [mapreduce.reduce.shuffle.input.buffer.percent:0.9] job start time is 
[NB] [IOT] [mapreduce.reduce.shuffle.input.buffer.percent:0.9] got new compressor is 10:14:58
[NB] [IOT] [mapreduce.reduce.shuffle.input.buffer.percent:0.9] got new decompressor is 10:44:07
[NB] [IOT] [mapreduce.reduce.shuffle.input.buffer.percent:0.9] training start time is 10:44:06
[NB] [IOT] [mapreduce.reduce.shuffle.input.buffer.percent:0.9] training end time is 10:48:52
[NB] [IOT] [mapreduce.reduce.shuffle.input.buffer.percent:0.9] test start time is 10:48:52
[NB] [IOT] [mapreduce.reduce.shuffle.input.buffer.percent:0.9] test end time is 11:02:13
[NB] [IOT] [mapreduce.reduce.shuffle.input.buffer.percent:0.9] job end time is 11:02:13
[NB] [IOT] [mapreduce.reduce.shuffle.input.buffer.percent:0.9] training time is 285240
[NB] [IOT] [mapreduce.reduce.shuffle.input.buffer.percent:0.9] testing time is 801105
Algorithm is NB
dataset is IOT
change mapreduce.reduce.shuffle.merge.percent to 0.8
[NB] [IOT] [mapreduce.reduce.shuffle.merge.percent:0.8] Date is 04-10
[NB] [IOT] [mapreduce.reduce.shuffle.merge.percent:0.8] job start time is 
[NB] [IOT] [mapreduce.reduce.shuffle.merge.percent:0.8] got new compressor is 11:02:17
[NB] [IOT] [mapreduce.reduce.shuffle.merge.percent:0.8] got new decompressor is 11:31:26
[NB] [IOT] [mapreduce.reduce.shuffle.merge.percent:0.8] training start time is 11:31:26
[NB] [IOT] [mapreduce.reduce.shuffle.merge.percent:0.8] training end time is 11:36:13
[NB] [IOT] [mapreduce.reduce.shuffle.merge.percent:0.8] test start time is 11:36:13
[NB] [IOT] [mapreduce.reduce.shuffle.merge.percent:0.8] test end time is 11:49:36
[NB] [IOT] [mapreduce.reduce.shuffle.merge.percent:0.8] job end time is 11:49:36
[NB] [IOT] [mapreduce.reduce.shuffle.merge.percent:0.8] training time is 287216
[NB] [IOT] [mapreduce.reduce.shuffle.merge.percent:0.8] testing time is 802187
Algorithm is RF
dataset is IOT
change mapreduce.output.fileoutputformat.compress to true
[RF] [IOT] [mapreduce.output.fileoutputformat.compress:true] Date is 04-10
[RF] [IOT] [mapreduce.output.fileoutputformat.compress:true] job start time is 
[RF] [IOT] [mapreduce.output.fileoutputformat.compress:true] training start time is 
[RF] [IOT] [mapreduce.output.fileoutputformat.compress:true] training end time is 
[RF] [IOT] [mapreduce.output.fileoutputformat.compress:true] test start time is 
[RF] [IOT] [mapreduce.output.fileoutputformat.compress:true] test end time is 
[RF] [IOT] [mapreduce.output.fileoutputformat.compress:true] job end time is 
[RF] [IOT] [mapreduce.output.fileoutputformat.compress:true] training time is 
[RF] [IOT] [mapreduce.output.fileoutputformat.compress:true] testing time is 
Algorithm is RF
dataset is IOT
change mapreduce.output.fileoutputformat.compress.type to BLOCK
[RF] [IOT] [mapreduce.output.fileoutputformat.compress.type:BLOCK] Date is 04-10
[RF] [IOT] [mapreduce.output.fileoutputformat.compress.type:BLOCK] job start time is 
[RF] [IOT] [mapreduce.output.fileoutputformat.compress.type:BLOCK] training start time is 
[RF] [IOT] [mapreduce.output.fileoutputformat.compress.type:BLOCK] training end time is 
[RF] [IOT] [mapreduce.output.fileoutputformat.compress.type:BLOCK] test start time is 
[RF] [IOT] [mapreduce.output.fileoutputformat.compress.type:BLOCK] test end time is 
[RF] [IOT] [mapreduce.output.fileoutputformat.compress.type:BLOCK] job end time is 
[RF] [IOT] [mapreduce.output.fileoutputformat.compress.type:BLOCK] training time is 
[RF] [IOT] [mapreduce.output.fileoutputformat.compress.type:BLOCK] testing time is 
Algorithm is RF
dataset is IOT
change mapreduce.output.fileoutputformat.compress.codec to org.apache.hadoop.io.compress.GzipCodec
[RF] [IOT] [mapreduce.output.fileoutputformat.compress.codec:org.apache.hadoop.io.compress.GzipCodec] Date is 04-10
[RF] [IOT] [mapreduce.output.fileoutputformat.compress.codec:org.apache.hadoop.io.compress.GzipCodec] job start time is 
[RF] [IOT] [mapreduce.output.fileoutputformat.compress.codec:org.apache.hadoop.io.compress.GzipCodec] training start time is 
[RF] [IOT] [mapreduce.output.fileoutputformat.compress.codec:org.apache.hadoop.io.compress.GzipCodec] training end time is 
[RF] [IOT] [mapreduce.output.fileoutputformat.compress.codec:org.apache.hadoop.io.compress.GzipCodec] test start time is 
[RF] [IOT] [mapreduce.output.fileoutputformat.compress.codec:org.apache.hadoop.io.compress.GzipCodec] test end time is 
[RF] [IOT] [mapreduce.output.fileoutputformat.compress.codec:org.apache.hadoop.io.compress.GzipCodec] job end time is 
[RF] [IOT] [mapreduce.output.fileoutputformat.compress.codec:org.apache.hadoop.io.compress.GzipCodec] training time is 
[RF] [IOT] [mapreduce.output.fileoutputformat.compress.codec:org.apache.hadoop.io.compress.GzipCodec] testing time is 
Algorithm is RF
dataset is IOT
change mapreduce.output.fileoutputformat.compress.codec to org.apache.hadoop.io.compress.BZip2Codec
[RF] [IOT] [mapreduce.output.fileoutputformat.compress.codec:org.apache.hadoop.io.compress.BZip2Codec] Date is 04-10
[RF] [IOT] [mapreduce.output.fileoutputformat.compress.codec:org.apache.hadoop.io.compress.BZip2Codec] job start time is 
[RF] [IOT] [mapreduce.output.fileoutputformat.compress.codec:org.apache.hadoop.io.compress.BZip2Codec] training start time is 
[RF] [IOT] [mapreduce.output.fileoutputformat.compress.codec:org.apache.hadoop.io.compress.BZip2Codec] training end time is 
[RF] [IOT] [mapreduce.output.fileoutputformat.compress.codec:org.apache.hadoop.io.compress.BZip2Codec] test start time is 
[RF] [IOT] [mapreduce.output.fileoutputformat.compress.codec:org.apache.hadoop.io.compress.BZip2Codec] test end time is 
[RF] [IOT] [mapreduce.output.fileoutputformat.compress.codec:org.apache.hadoop.io.compress.BZip2Codec] job end time is 
[RF] [IOT] [mapreduce.output.fileoutputformat.compress.codec:org.apache.hadoop.io.compress.BZip2Codec] training time is 
[RF] [IOT] [mapreduce.output.fileoutputformat.compress.codec:org.apache.hadoop.io.compress.BZip2Codec] testing time is 
Algorithm is RF
dataset is IOT
change mapreduce.output.fileoutputformat.compress.codec to org.apache.hadoop.io.compress.Lz4Codec
[RF] [IOT] [mapreduce.output.fileoutputformat.compress.codec:org.apache.hadoop.io.compress.Lz4Codec] Date is 04-10
[RF] [IOT] [mapreduce.output.fileoutputformat.compress.codec:org.apache.hadoop.io.compress.Lz4Codec] job start time is 
[RF] [IOT] [mapreduce.output.fileoutputformat.compress.codec:org.apache.hadoop.io.compress.Lz4Codec] training start time is 
[RF] [IOT] [mapreduce.output.fileoutputformat.compress.codec:org.apache.hadoop.io.compress.Lz4Codec] training end time is 
[RF] [IOT] [mapreduce.output.fileoutputformat.compress.codec:org.apache.hadoop.io.compress.Lz4Codec] test start time is 
[RF] [IOT] [mapreduce.output.fileoutputformat.compress.codec:org.apache.hadoop.io.compress.Lz4Codec] test end time is 
[RF] [IOT] [mapreduce.output.fileoutputformat.compress.codec:org.apache.hadoop.io.compress.Lz4Codec] job end time is 
[RF] [IOT] [mapreduce.output.fileoutputformat.compress.codec:org.apache.hadoop.io.compress.Lz4Codec] training time is 
[RF] [IOT] [mapreduce.output.fileoutputformat.compress.codec:org.apache.hadoop.io.compress.Lz4Codec] testing time is 
Algorithm is RF
dataset is IOT
change mapreduce.map.output.compress to true
[RF] [IOT] [mapreduce.map.output.compress:true] Date is 04-10
[RF] [IOT] [mapreduce.map.output.compress:true] job start time is 
[RF] [IOT] [mapreduce.map.output.compress:true] training start time is 
[RF] [IOT] [mapreduce.map.output.compress:true] training end time is 
[RF] [IOT] [mapreduce.map.output.compress:true] test start time is 
[RF] [IOT] [mapreduce.map.output.compress:true] test end time is 
[RF] [IOT] [mapreduce.map.output.compress:true] job end time is 
[RF] [IOT] [mapreduce.map.output.compress:true] training time is 
[RF] [IOT] [mapreduce.map.output.compress:true] testing time is 
Algorithm is RF
dataset is IOT
change mapreduce.map.output.compress.codec to org.apache.hadoop.io.compress.GzipCodec
[RF] [IOT] [mapreduce.map.output.compress.codec:org.apache.hadoop.io.compress.GzipCodec] Date is 04-10
[RF] [IOT] [mapreduce.map.output.compress.codec:org.apache.hadoop.io.compress.GzipCodec] job start time is 
[RF] [IOT] [mapreduce.map.output.compress.codec:org.apache.hadoop.io.compress.GzipCodec] training start time is 
[RF] [IOT] [mapreduce.map.output.compress.codec:org.apache.hadoop.io.compress.GzipCodec] training end time is 
[RF] [IOT] [mapreduce.map.output.compress.codec:org.apache.hadoop.io.compress.GzipCodec] test start time is 
[RF] [IOT] [mapreduce.map.output.compress.codec:org.apache.hadoop.io.compress.GzipCodec] test end time is 
[RF] [IOT] [mapreduce.map.output.compress.codec:org.apache.hadoop.io.compress.GzipCodec] job end time is 
[RF] [IOT] [mapreduce.map.output.compress.codec:org.apache.hadoop.io.compress.GzipCodec] training time is 
[RF] [IOT] [mapreduce.map.output.compress.codec:org.apache.hadoop.io.compress.GzipCodec] testing time is 
Algorithm is RF
dataset is IOT
change mapreduce.map.output.compress.codec to org.apache.hadoop.io.compress.BZip2Codec
[RF] [IOT] [mapreduce.map.output.compress.codec:org.apache.hadoop.io.compress.BZip2Codec] Date is 04-10
[RF] [IOT] [mapreduce.map.output.compress.codec:org.apache.hadoop.io.compress.BZip2Codec] job start time is 
[RF] [IOT] [mapreduce.map.output.compress.codec:org.apache.hadoop.io.compress.BZip2Codec] training start time is 
[RF] [IOT] [mapreduce.map.output.compress.codec:org.apache.hadoop.io.compress.BZip2Codec] training end time is 
[RF] [IOT] [mapreduce.map.output.compress.codec:org.apache.hadoop.io.compress.BZip2Codec] test start time is 
[RF] [IOT] [mapreduce.map.output.compress.codec:org.apache.hadoop.io.compress.BZip2Codec] test end time is 
[RF] [IOT] [mapreduce.map.output.compress.codec:org.apache.hadoop.io.compress.BZip2Codec] job end time is 
[RF] [IOT] [mapreduce.map.output.compress.codec:org.apache.hadoop.io.compress.BZip2Codec] training time is 
[RF] [IOT] [mapreduce.map.output.compress.codec:org.apache.hadoop.io.compress.BZip2Codec] testing time is 
Algorithm is RF
dataset is IOT
change mapreduce.map.output.compress.codec to org.apache.hadoop.io.compress.Lz4Codec
[RF] [IOT] [mapreduce.map.output.compress.codec:org.apache.hadoop.io.compress.Lz4Codec] Date is 04-10
[RF] [IOT] [mapreduce.map.output.compress.codec:org.apache.hadoop.io.compress.Lz4Codec] job start time is 
[RF] [IOT] [mapreduce.map.output.compress.codec:org.apache.hadoop.io.compress.Lz4Codec] training start time is 
[RF] [IOT] [mapreduce.map.output.compress.codec:org.apache.hadoop.io.compress.Lz4Codec] training end time is 
[RF] [IOT] [mapreduce.map.output.compress.codec:org.apache.hadoop.io.compress.Lz4Codec] test start time is 
[RF] [IOT] [mapreduce.map.output.compress.codec:org.apache.hadoop.io.compress.Lz4Codec] test end time is 
[RF] [IOT] [mapreduce.map.output.compress.codec:org.apache.hadoop.io.compress.Lz4Codec] job end time is 
[RF] [IOT] [mapreduce.map.output.compress.codec:org.apache.hadoop.io.compress.Lz4Codec] training time is 
[RF] [IOT] [mapreduce.map.output.compress.codec:org.apache.hadoop.io.compress.Lz4Codec] testing time is 
Algorithm is RF
dataset is IOT
change mapreduce.tasktracker.map.tasks.maximum to 1
[RF] [IOT] [mapreduce.tasktracker.map.tasks.maximum:1] Date is 04-10
[RF] [IOT] [mapreduce.tasktracker.map.tasks.maximum:1] job start time is 
[RF] [IOT] [mapreduce.tasktracker.map.tasks.maximum:1] training start time is 
[RF] [IOT] [mapreduce.tasktracker.map.tasks.maximum:1] training end time is 
[RF] [IOT] [mapreduce.tasktracker.map.tasks.maximum:1] test start time is 
[RF] [IOT] [mapreduce.tasktracker.map.tasks.maximum:1] test end time is 
[RF] [IOT] [mapreduce.tasktracker.map.tasks.maximum:1] job end time is 
[RF] [IOT] [mapreduce.tasktracker.map.tasks.maximum:1] training time is 
[RF] [IOT] [mapreduce.tasktracker.map.tasks.maximum:1] testing time is 
Algorithm is RF
dataset is IOT
change mapreduce.tasktracker.map.tasks.maximum to 2
[RF] [IOT] [mapreduce.tasktracker.map.tasks.maximum:2] Date is 04-10
[RF] [IOT] [mapreduce.tasktracker.map.tasks.maximum:2] job start time is 
[RF] [IOT] [mapreduce.tasktracker.map.tasks.maximum:2] training start time is 
[RF] [IOT] [mapreduce.tasktracker.map.tasks.maximum:2] training end time is 
[RF] [IOT] [mapreduce.tasktracker.map.tasks.maximum:2] test start time is 
[RF] [IOT] [mapreduce.tasktracker.map.tasks.maximum:2] test end time is 
[RF] [IOT] [mapreduce.tasktracker.map.tasks.maximum:2] job end time is 
[RF] [IOT] [mapreduce.tasktracker.map.tasks.maximum:2] training time is 
[RF] [IOT] [mapreduce.tasktracker.map.tasks.maximum:2] testing time is 
Algorithm is RF
dataset is IOT
change mapreduce.tasktracker.map.tasks.maximum to 4
[RF] [IOT] [mapreduce.tasktracker.map.tasks.maximum:4] Date is 04-10
[RF] [IOT] [mapreduce.tasktracker.map.tasks.maximum:4] job start time is 
[RF] [IOT] [mapreduce.tasktracker.map.tasks.maximum:4] training start time is 
[RF] [IOT] [mapreduce.tasktracker.map.tasks.maximum:4] training end time is 
[RF] [IOT] [mapreduce.tasktracker.map.tasks.maximum:4] test start time is 
[RF] [IOT] [mapreduce.tasktracker.map.tasks.maximum:4] test end time is 
[RF] [IOT] [mapreduce.tasktracker.map.tasks.maximum:4] job end time is 
[RF] [IOT] [mapreduce.tasktracker.map.tasks.maximum:4] training time is 
[RF] [IOT] [mapreduce.tasktracker.map.tasks.maximum:4] testing time is 
Algorithm is RF
dataset is IOT
change mapreduce.tasktracker.reduce.tasks.maximum to 1
[RF] [IOT] [mapreduce.tasktracker.reduce.tasks.maximum:1] Date is 04-10
[RF] [IOT] [mapreduce.tasktracker.reduce.tasks.maximum:1] job start time is 
[RF] [IOT] [mapreduce.tasktracker.reduce.tasks.maximum:1] training start time is 
[RF] [IOT] [mapreduce.tasktracker.reduce.tasks.maximum:1] training end time is 
[RF] [IOT] [mapreduce.tasktracker.reduce.tasks.maximum:1] test start time is 
[RF] [IOT] [mapreduce.tasktracker.reduce.tasks.maximum:1] test end time is 
[RF] [IOT] [mapreduce.tasktracker.reduce.tasks.maximum:1] job end time is 
[RF] [IOT] [mapreduce.tasktracker.reduce.tasks.maximum:1] training time is 
[RF] [IOT] [mapreduce.tasktracker.reduce.tasks.maximum:1] testing time is 
Algorithm is RF
dataset is IOT
change mapreduce.tasktracker.reduce.tasks.maximum to 2
[RF] [IOT] [mapreduce.tasktracker.reduce.tasks.maximum:2] Date is 04-10
[RF] [IOT] [mapreduce.tasktracker.reduce.tasks.maximum:2] job start time is 
[RF] [IOT] [mapreduce.tasktracker.reduce.tasks.maximum:2] training start time is 
[RF] [IOT] [mapreduce.tasktracker.reduce.tasks.maximum:2] training end time is 
[RF] [IOT] [mapreduce.tasktracker.reduce.tasks.maximum:2] test start time is 
[RF] [IOT] [mapreduce.tasktracker.reduce.tasks.maximum:2] test end time is 
[RF] [IOT] [mapreduce.tasktracker.reduce.tasks.maximum:2] job end time is 
[RF] [IOT] [mapreduce.tasktracker.reduce.tasks.maximum:2] training time is 
[RF] [IOT] [mapreduce.tasktracker.reduce.tasks.maximum:2] testing time is 
Algorithm is RF
dataset is IOT
change mapreduce.tasktracker.reduce.tasks.maximum to 4
[RF] [IOT] [mapreduce.tasktracker.reduce.tasks.maximum:4] Date is 04-10
[RF] [IOT] [mapreduce.tasktracker.reduce.tasks.maximum:4] job start time is 
[RF] [IOT] [mapreduce.tasktracker.reduce.tasks.maximum:4] training start time is 
[RF] [IOT] [mapreduce.tasktracker.reduce.tasks.maximum:4] training end time is 
[RF] [IOT] [mapreduce.tasktracker.reduce.tasks.maximum:4] test start time is 
[RF] [IOT] [mapreduce.tasktracker.reduce.tasks.maximum:4] test end time is 
[RF] [IOT] [mapreduce.tasktracker.reduce.tasks.maximum:4] job end time is 
[RF] [IOT] [mapreduce.tasktracker.reduce.tasks.maximum:4] training time is 
[RF] [IOT] [mapreduce.tasktracker.reduce.tasks.maximum:4] testing time is 
Algorithm is RF
dataset is IOT
change mapreduce.map.speculative to false
[RF] [IOT] [mapreduce.map.speculative:false] Date is 04-10
[RF] [IOT] [mapreduce.map.speculative:false] job start time is 
[RF] [IOT] [mapreduce.map.speculative:false] training start time is 
[RF] [IOT] [mapreduce.map.speculative:false] training end time is 
[RF] [IOT] [mapreduce.map.speculative:false] test start time is 
[RF] [IOT] [mapreduce.map.speculative:false] test end time is 
[RF] [IOT] [mapreduce.map.speculative:false] job end time is 
[RF] [IOT] [mapreduce.map.speculative:false] training time is 
[RF] [IOT] [mapreduce.map.speculative:false] testing time is 
Algorithm is RF
dataset is IOT
change mapreduce.reduce.speculative to false
[RF] [IOT] [mapreduce.reduce.speculative:false] Date is 04-10
[RF] [IOT] [mapreduce.reduce.speculative:false] job start time is 
[RF] [IOT] [mapreduce.reduce.speculative:false] training start time is 
[RF] [IOT] [mapreduce.reduce.speculative:false] training end time is 
[RF] [IOT] [mapreduce.reduce.speculative:false] test start time is 
[RF] [IOT] [mapreduce.reduce.speculative:false] test end time is 
[RF] [IOT] [mapreduce.reduce.speculative:false] job end time is 
[RF] [IOT] [mapreduce.reduce.speculative:false] training time is 
[RF] [IOT] [mapreduce.reduce.speculative:false] testing time is 
Algorithm is RF
dataset is IOT
change mapreduce.task.io.sort.mb to 1150
[RF] [IOT] [mapreduce.task.io.sort.mb:1150] Date is 04-10
[RF] [IOT] [mapreduce.task.io.sort.mb:1150] job start time is 
[RF] [IOT] [mapreduce.task.io.sort.mb:1150] training start time is 
[RF] [IOT] [mapreduce.task.io.sort.mb:1150] training end time is 
[RF] [IOT] [mapreduce.task.io.sort.mb:1150] test start time is 
[RF] [IOT] [mapreduce.task.io.sort.mb:1150] test end time is 
[RF] [IOT] [mapreduce.task.io.sort.mb:1150] job end time is 
[RF] [IOT] [mapreduce.task.io.sort.mb:1150] training time is 
[RF] [IOT] [mapreduce.task.io.sort.mb:1150] testing time is 
Algorithm is RF
dataset is IOT
change mapreduce.task.io.sort.factor to 100
[RF] [IOT] [mapreduce.task.io.sort.factor:100] Date is 04-10
[RF] [IOT] [mapreduce.task.io.sort.factor:100] job start time is 
[RF] [IOT] [mapreduce.task.io.sort.factor:100] training start time is 
[RF] [IOT] [mapreduce.task.io.sort.factor:100] training end time is 
[RF] [IOT] [mapreduce.task.io.sort.factor:100] test start time is 
[RF] [IOT] [mapreduce.task.io.sort.factor:100] test end time is 
[RF] [IOT] [mapreduce.task.io.sort.factor:100] job end time is 
[RF] [IOT] [mapreduce.task.io.sort.factor:100] training time is 
[RF] [IOT] [mapreduce.task.io.sort.factor:100] testing time is 
Algorithm is RF
dataset is IOT
change mapreduce.map.sort.spill.percent to 0.3
[RF] [IOT] [mapreduce.map.sort.spill.percent:0.3] Date is 04-10
[RF] [IOT] [mapreduce.map.sort.spill.percent:0.3] job start time is 
[RF] [IOT] [mapreduce.map.sort.spill.percent:0.3] training start time is 
[RF] [IOT] [mapreduce.map.sort.spill.percent:0.3] training end time is 
[RF] [IOT] [mapreduce.map.sort.spill.percent:0.3] test start time is 
[RF] [IOT] [mapreduce.map.sort.spill.percent:0.3] test end time is 
[RF] [IOT] [mapreduce.map.sort.spill.percent:0.3] job end time is 
[RF] [IOT] [mapreduce.map.sort.spill.percent:0.3] training time is 
[RF] [IOT] [mapreduce.map.sort.spill.percent:0.3] testing time is 
Algorithm is RF
dataset is IOT
change mapreduce.map.sort.spill.percent to 0.5
[RF] [IOT] [mapreduce.map.sort.spill.percent:0.5] Date is 04-10
[RF] [IOT] [mapreduce.map.sort.spill.percent:0.5] job start time is 
[RF] [IOT] [mapreduce.map.sort.spill.percent:0.5] training start time is 
[RF] [IOT] [mapreduce.map.sort.spill.percent:0.5] training end time is 
[RF] [IOT] [mapreduce.map.sort.spill.percent:0.5] test start time is 
[RF] [IOT] [mapreduce.map.sort.spill.percent:0.5] test end time is 
[RF] [IOT] [mapreduce.map.sort.spill.percent:0.5] job end time is 
[RF] [IOT] [mapreduce.map.sort.spill.percent:0.5] training time is 
[RF] [IOT] [mapreduce.map.sort.spill.percent:0.5] testing time is 
Algorithm is RF
dataset is IOT
change mapreduce.map.sort.spill.percent to 0.9
[RF] [IOT] [mapreduce.map.sort.spill.percent:0.9] Date is 04-10
[RF] [IOT] [mapreduce.map.sort.spill.percent:0.9] job start time is 
[RF] [IOT] [mapreduce.map.sort.spill.percent:0.9] training start time is 
[RF] [IOT] [mapreduce.map.sort.spill.percent:0.9] training end time is 
[RF] [IOT] [mapreduce.map.sort.spill.percent:0.9] test start time is 
[RF] [IOT] [mapreduce.map.sort.spill.percent:0.9] test end time is 
[RF] [IOT] [mapreduce.map.sort.spill.percent:0.9] job end time is 
[RF] [IOT] [mapreduce.map.sort.spill.percent:0.9] training time is 
[RF] [IOT] [mapreduce.map.sort.spill.percent:0.9] testing time is 
Algorithm is RF
dataset is IOT
change mapreduce.reduce.shuffle.input.buffer.percent to 0.8
[RF] [IOT] [mapreduce.reduce.shuffle.input.buffer.percent:0.8] Date is 04-10
[RF] [IOT] [mapreduce.reduce.shuffle.input.buffer.percent:0.8] job start time is 
[RF] [IOT] [mapreduce.reduce.shuffle.input.buffer.percent:0.8] training start time is 
[RF] [IOT] [mapreduce.reduce.shuffle.input.buffer.percent:0.8] training end time is 
[RF] [IOT] [mapreduce.reduce.shuffle.input.buffer.percent:0.8] test start time is 
[RF] [IOT] [mapreduce.reduce.shuffle.input.buffer.percent:0.8] test end time is 
[RF] [IOT] [mapreduce.reduce.shuffle.input.buffer.percent:0.8] job end time is 
[RF] [IOT] [mapreduce.reduce.shuffle.input.buffer.percent:0.8] training time is 
[RF] [IOT] [mapreduce.reduce.shuffle.input.buffer.percent:0.8] testing time is 
Algorithm is RF
dataset is IOT
change mapreduce.reduce.shuffle.input.buffer.percent to 0.9
[RF] [IOT] [mapreduce.reduce.shuffle.input.buffer.percent:0.9] Date is 04-10
[RF] [IOT] [mapreduce.reduce.shuffle.input.buffer.percent:0.9] job start time is 
[RF] [IOT] [mapreduce.reduce.shuffle.input.buffer.percent:0.9] training start time is 
[RF] [IOT] [mapreduce.reduce.shuffle.input.buffer.percent:0.9] training end time is 
[RF] [IOT] [mapreduce.reduce.shuffle.input.buffer.percent:0.9] test start time is 
[RF] [IOT] [mapreduce.reduce.shuffle.input.buffer.percent:0.9] test end time is 
[RF] [IOT] [mapreduce.reduce.shuffle.input.buffer.percent:0.9] job end time is 
[RF] [IOT] [mapreduce.reduce.shuffle.input.buffer.percent:0.9] training time is 
[RF] [IOT] [mapreduce.reduce.shuffle.input.buffer.percent:0.9] testing time is 
Algorithm is RF
dataset is IOT
change mapreduce.reduce.shuffle.merge.percent to 0.8
[RF] [IOT] [mapreduce.reduce.shuffle.merge.percent:0.8] Date is 04-10
[RF] [IOT] [mapreduce.reduce.shuffle.merge.percent:0.8] job start time is 
[RF] [IOT] [mapreduce.reduce.shuffle.merge.percent:0.8] training start time is 
[RF] [IOT] [mapreduce.reduce.shuffle.merge.percent:0.8] training end time is 
[RF] [IOT] [mapreduce.reduce.shuffle.merge.percent:0.8] test start time is 
[RF] [IOT] [mapreduce.reduce.shuffle.merge.percent:0.8] test end time is 
[RF] [IOT] [mapreduce.reduce.shuffle.merge.percent:0.8] job end time is 
[RF] [IOT] [mapreduce.reduce.shuffle.merge.percent:0.8] training time is 
[RF] [IOT] [mapreduce.reduce.shuffle.merge.percent:0.8] testing time is 
